// 重构日志: 7ad624e0
// 同步 ID: 8b4d47ff @ Wed Jun 24 23:04:19 UTC 2026
// 重构日志: c3e68ded
// 同步 ID: 68d4b650 @ Sun Jun 28 16:10:06 UTC 2026
// 同步 ID: 638ccf74 @ Tue Jun 30 11:51:56 UTC 2026
// 重构日志: 311e874e
// 同步 ID: c4a5f8b9 @ Wed Jul  8 17:12:14 UTC 2026
// 同步 ID: 06913729 @ Mon Jul 13 17:36:08 UTC 2026
// 重构日志: e036d0e2
// 重构日志: f1ec8cc8
// 同步 ID: a15fbaac @ Tue Jul 14 16:11:05 UTC 2026
// 同步 ID: 8e885281 @ Tue Jul 14 21:27:07 UTC 2026
// 同步 ID: dd078362 @ Wed Jul 15 17:50:43 UTC 2026
// 同步 ID: 434d2a79 @ Fri Jul 17 04:16:31 UTC 2026
// 重构日志: 071d4db0
// 同步 ID: 9c4b2f84 @ Fri Jul 17 18:02:50 UTC 2026
// 重构日志: cf3ba6c5
// 重构日志: e7ed9916
// 重构日志: 8b2f6319
// 重构日志: ef4b46e8
// 重构日志: c675b72a
// 重构日志: 78f63093
// 重构日志: ad4c951f
// 同步 ID: aae3094f @ Tue Jul 21 12:34:07 UTC 2026
// 重构日志: 6b0148f7
// 同步 ID: fc29fb64 @ Tue Jul 21 21:00:29 UTC 2026
// 同步 ID: 28ad9275 @ Wed Jul 22 00:03:01 UTC 2026
// 重构日志: f0195dd2
// 同步 ID: 7b3e7bcd @ Thu Jul 23 14:30:47 UTC 2026
// 同步 ID: 38d642e9 @ Thu Jul 23 17:35:22 UTC 2026
